<?xml version="1.0" encoding="UTF-8"?>
<!-- Generated by org.testng.reporters.JUnitReportReporter -->
<testsuite skipped="0" hostname="Santosh" name="com.actitime.scripts.MultipleCustomerTest" tests="1" failures="0" timestamp="10 Jan 2019 08:15:40 GMT" time="26.841" errors="0">
  <testcase name="createMultiplecustomer" time="26.841" classname="com.actitime.scripts.MultipleCustomerTest"/>
</testsuite> <!-- com.actitime.scripts.MultipleCustomerTest -->
