<?xml version="1.0" encoding="UTF-8"?>
<!-- Generated by org.testng.reporters.JUnitReportReporter -->
<testsuite skipped="0" hostname="Santosh" name="com.actitime.scripts.UserTest" tests="2" failures="0" timestamp="09 Jan 2019 19:31:07 GMT" time="89.643" errors="0">
  <testcase name="createNewUser" time="46.908" classname="com.actitime.scripts.UserTest"/>
  <testcase name="deleteUser" time="42.735" classname="com.actitime.scripts.UserTest"/>
</testsuite> <!-- com.actitime.scripts.UserTest -->
