<?xml version="1.0" encoding="UTF-8"?>
<!-- Generated by org.testng.reporters.JUnitReportReporter -->
<testsuite skipped="0" hostname="Santosh" name="com.actitime.scripts.CreateMultipleTask" tests="1" failures="0" timestamp="10 Jan 2019 20:18:39 GMT" time="62.130" errors="0">
  <testcase name="createMutipleTask" time="62.130" classname="com.actitime.scripts.CreateMultipleTask"/>
</testsuite> <!-- com.actitime.scripts.CreateMultipleTask -->
