<?xml version="1.0" encoding="UTF-8"?>
<!-- Generated by org.testng.reporters.JUnitReportReporter -->
<testsuite skipped="2" hostname="Santosh" name="com.actitime.scripts.TaskTest" tests="6" failures="0" timestamp="10 Jan 2019 19:46:22 GMT" time="165.147" errors="0">
  <testcase name="createTask" time="43.201" classname="com.actitime.scripts.TaskTest"/>
  <testcase name="deleteTask" time="41.220" classname="com.actitime.scripts.TaskTest"/>
  <testcase name="createCustomer" time="40.366" classname="com.actitime.scripts.TaskTest"/>
  <testcase name="createProject" time="40.360" classname="com.actitime.scripts.TaskTest"/>
  <testcase name="deleteCustomer" classname="com.actitime.scripts.TaskTest">
    <skipped/>
  </testcase> <!-- deleteCustomer -->
  <testcase name="deleteProject" classname="com.actitime.scripts.TaskTest">
    <skipped/>
  </testcase> <!-- deleteProject -->
</testsuite> <!-- com.actitime.scripts.TaskTest -->
